0 info it worked if it ends with ok
1 verbose cli [ '/usr/bin/nodejs',
1 verbose cli   '/usr/bin/npm',
1 verbose cli   'install',
1 verbose cli   'https://github.com/CodeFalling/hexo-asset-image',
1 verbose cli   '--save' ]
2 info using npm@1.3.10
3 info using node@v0.10.25
4 verbose readDependencies using package.json deps
5 verbose cache add [ 'https://github.com/CodeFalling/hexo-asset-image', null ]
6 verbose cache add name=undefined spec="https://github.com/CodeFalling/hexo-asset-image" args=["https://github.com/CodeFalling/hexo-asset-image",null]
7 verbose parsed url { protocol: 'https:',
7 verbose parsed url   slashes: true,
7 verbose parsed url   auth: null,
7 verbose parsed url   host: 'github.com',
7 verbose parsed url   port: null,
7 verbose parsed url   hostname: 'github.com',
7 verbose parsed url   hash: null,
7 verbose parsed url   search: null,
7 verbose parsed url   query: null,
7 verbose parsed url   pathname: '/CodeFalling/hexo-asset-image',
7 verbose parsed url   path: '/CodeFalling/hexo-asset-image',
7 verbose parsed url   href: 'https://github.com/CodeFalling/hexo-asset-image' }
8 silly lockFile b2b8fe0b-com-CodeFalling-hexo-asset-image https://github.com/CodeFalling/hexo-asset-image
9 verbose lock https://github.com/CodeFalling/hexo-asset-image /root/.npm/b2b8fe0b-com-CodeFalling-hexo-asset-image.lock
10 verbose addRemoteTarball [ 'https://github.com/CodeFalling/hexo-asset-image', null ]
11 info retry fetch attempt 1 at 20:36:23
12 verbose fetch to= /root/tmp/npm-17063-w3CmT_Qz/1456490183708-0.010803096927702427/tmp.tgz
13 http GET https://github.com/CodeFalling/hexo-asset-image
14 http 200 https://github.com/CodeFalling/hexo-asset-image
15 verbose tar unpack /root/tmp/npm-17063-w3CmT_Qz/1456490183708-0.010803096927702427/tmp.tgz
16 silly lockFile 0c770d8d-708-0-010803096927702427-package tar:///root/tmp/npm-17063-w3CmT_Qz/1456490183708-0.010803096927702427/package
17 verbose lock tar:///root/tmp/npm-17063-w3CmT_Qz/1456490183708-0.010803096927702427/package /root/.npm/0c770d8d-708-0-010803096927702427-package.lock
18 silly lockFile 77255408-708-0-010803096927702427-tmp-tgz tar:///root/tmp/npm-17063-w3CmT_Qz/1456490183708-0.010803096927702427/tmp.tgz
19 verbose lock tar:///root/tmp/npm-17063-w3CmT_Qz/1456490183708-0.010803096927702427/tmp.tgz /root/.npm/77255408-708-0-010803096927702427-tmp-tgz.lock
20 silly gunzTarPerm modes [ '755', '644' ]
21 error not a package /root/tmp/npm-17063-w3CmT_Qz/1456490183708-0.010803096927702427/tmp.tgz
22 silly lockFile 0c770d8d-708-0-010803096927702427-package tar:///root/tmp/npm-17063-w3CmT_Qz/1456490183708-0.010803096927702427/package
23 silly lockFile 0c770d8d-708-0-010803096927702427-package tar:///root/tmp/npm-17063-w3CmT_Qz/1456490183708-0.010803096927702427/package
24 silly lockFile 77255408-708-0-010803096927702427-tmp-tgz tar:///root/tmp/npm-17063-w3CmT_Qz/1456490183708-0.010803096927702427/tmp.tgz
25 silly lockFile 77255408-708-0-010803096927702427-tmp-tgz tar:///root/tmp/npm-17063-w3CmT_Qz/1456490183708-0.010803096927702427/tmp.tgz
26 silly lockFile b2b8fe0b-com-CodeFalling-hexo-asset-image https://github.com/CodeFalling/hexo-asset-image
27 silly lockFile b2b8fe0b-com-CodeFalling-hexo-asset-image https://github.com/CodeFalling/hexo-asset-image
28 error Error: ENOENT, open '/root/tmp/npm-17063-w3CmT_Qz/1456490183708-0.010803096927702427/package/package.json'
29 error If you need help, you may report this log at:
29 error     <http://github.com/isaacs/npm/issues>
29 error or email it to:
29 error     <npm-@googlegroups.com>
30 error System Linux 3.13.0-32-generic
31 error command "/usr/bin/nodejs" "/usr/bin/npm" "install" "https://github.com/CodeFalling/hexo-asset-image" "--save"
32 error cwd /root/myblog/source
33 error node -v v0.10.25
34 error npm -v 1.3.10
35 error path /root/tmp/npm-17063-w3CmT_Qz/1456490183708-0.010803096927702427/package/package.json
36 error code ENOENT
37 error errno 34
38 verbose exit [ 34, true ]
